Unity Editor version:    2021.3.9f1 (ad3870b89536)
Branch:                  2021.3/staging
Build type:              Release
Batch mode:              YES
macOS version:           Version 12.2.1 (Build 21D62)
Darwin version:          21.3.0
Architecture:            arm64
Running under Rosetta:   NO
Available memory:        8192 MB
Using pre-set license
Pro License: YES

COMMAND LINE ARGUMENTS:
/Applications/Unity/Hub/Editor/2021.3.9f1/Unity.app/Contents/MacOS/Unity
-adb2
-batchMode
-noUpm
-name
AssetImportWorker0
-projectPath
/Users/JoCornejoFlores/Documents/GitHub/Prototype-3/Lab 2
-logFile
Logs/AssetImportWorker0.log
-srvPort
49410
Successfully changed project path to: /Users/JoCornejoFlores/Documents/GitHub/Prototype-3/Lab 2
/Users/JoCornejoFlores/Documents/GitHub/Prototype-3/Lab 2
[UnityMemory] Configuration Parameters - Can be set up in boot.config
    "memorysetup-bucket-allocator-granularity=16"
    "memorysetup-bucket-allocator-bucket-count=8"
    "memorysetup-bucket-allocator-block-size=33554432"
    "memorysetup-bucket-allocator-block-count=8"
    "memorysetup-main-allocator-block-size=16777216"
    "memorysetup-thread-allocator-block-size=16777216"
    "memorysetup-gfx-main-allocator-block-size=16777216"
    "memorysetup-gfx-thread-allocator-block-size=16777216"
    "memorysetup-cache-allocator-block-size=4194304"
    "memorysetup-typetree-allocator-block-size=2097152"
    "memorysetup-profiler-bucket-allocator-granularity=16"
    "memorysetup-profiler-bucket-allocator-bucket-count=8"
    "memorysetup-profiler-bucket-allocator-block-size=33554432"
    "memorysetup-profiler-bucket-allocator-block-count=8"
    "memorysetup-profiler-allocator-block-size=16777216"
    "memorysetup-profiler-editor-allocator-block-size=1048576"
    "memorysetup-temp-allocator-size-main=16777216"
    "memorysetup-job-temp-allocator-block-size=2097152"
    "memorysetup-job-temp-allocator-block-size-background=1048576"
    "memorysetup-job-temp-allocator-reduction-small-platforms=262144"
    "memorysetup-temp-allocator-size-background-worker=32768"
    "memorysetup-temp-allocator-size-job-worker=262144"
    "memorysetup-temp-allocator-size-preload-manager=33554432"
    "memorysetup-temp-allocator-size-nav-mesh-worker=65536"
    "memorysetup-temp-allocator-size-audio-worker=65536"
    "memorysetup-temp-allocator-size-cloud-worker=32768"
    "memorysetup-temp-allocator-size-gi-baking-worker=262144"
    "memorysetup-temp-allocator-size-gfx=262144"
Refreshing native plugins compatible for Editor in 68.92 ms, found 2 plugins.
Preloading 0 native plugins for Editor in 0.00 ms.
Initialize engine version: 2021.3.9f1 (ad3870b89536)
[Subsystems] Discovering subsystems at path /Applications/Unity/Hub/Editor/2021.3.9f1/Unity.app/Contents/Resources/UnitySubsystems
[Subsystems] Discovering subsystems at path /Users/JoCornejoFlores/Documents/GitHub/Prototype-3/Lab 2/Assets
GfxDevice: creating device client; threaded=0; jobified=0
 preferred device: Apple M1 (high power)
Metal devices available: 1
0: Apple M1 (high power)
Using device Apple M1 (high power)
Initializing Metal device caps: Apple M1
Initialize mono
Mono path[0] = '/Applications/Unity/Hub/Editor/2021.3.9f1/Unity.app/Contents/Managed'
Mono path[1] = '/Applications/Unity/Hub/Editor/2021.3.9f1/Unity.app/Contents/MonoBleedingEdge/lib/mono/unityjit-macos'
Mono config path = '/Applications/Unity/Hub/Editor/2021.3.9f1/Unity.app/Contents/MonoBleedingEdge/etc'
Using monoOptions --debugger-agent=transport=dt_socket,embedding=1,server=y,suspend=n,address=127.0.0.1:56397
Begin MonoManager ReloadAssembly
Registering precompiled unity dll's ...
Register platform support module: /Applications/Unity/Hub/Editor/2021.3.9f1/PlaybackEngines/WebGLSupport/UnityEditor.WebGL.Extensions.dll
Register platform support module: /Applications/Unity/Hub/Editor/2021.3.9f1/Unity.app/Contents/PlaybackEngines/MacStandaloneSupport/UnityEditor.OSXStandalone.Extensions.dll
Register platform support module: /Applications/Unity/Hub/Editor/2021.3.9f1/PlaybackEngines/AndroidPlayer/UnityEditor.Android.Extensions.dll
Registered in 0.001759 seconds.
Native extension for Android target not found
Native extension for OSXStandalone target not found
Native extension for WebGL target not found
Refreshing native plugins compatible for Editor in 68.93 ms, found 2 plugins.
Preloading 0 native plugins for Editor in 0.00 ms.
Mono: successfully reloaded assembly
- Completed reload, in  0.441 seconds
Domain Reload Profiling:
	ReloadAssembly (441ms)
		BeginReloadAssembly (60ms)
			ExecutionOrderSort (0ms)
			DisableScriptedObjects (0ms)
			BackupInstance (0ms)
			ReleaseScriptingObjects (0ms)
			CreateAndSetChildDomain (1ms)
		EndReloadAssembly (308ms)
			LoadAssemblies (61ms)
			RebuildTransferFunctionScriptingTraits (0ms)
			SetupTypeCache (80ms)
			ReleaseScriptCaches (0ms)
			RebuildScriptCaches (19ms)
			SetupLoadedEditorAssemblies (179ms)
				LogAssemblyErrors (0ms)
				InitializePlatformSupportModulesInManaged (32ms)
				SetLoadedEditorAssemblies (0ms)
				RefreshPlugins (69ms)
				BeforeProcessingInitializeOnLoad (1ms)
				ProcessInitializeOnLoadAttributes (52ms)
				ProcessInitializeOnLoadMethodAttributes (25ms)
				AfterProcessingInitializeOnLoad (0ms)
				EditorAssembliesLoaded (0ms)
			ExecutionOrderSort2 (0ms)
			AwakeInstancesAfterBackupRestoration (0ms)
Platform modules already initialized, skipping
Registering precompiled user dll's ...
Registered in 0.004773 seconds.
Begin MonoManager ReloadAssembly
Symbol file LoadedFromMemory doesn't match image /Users/JoCornejoFlores/Documents/GitHub/Prototype-3/Lab 2/Library/PackageCache/com.unity.visualscripting@1.7.8/Editor/VisualScripting.Core/Dependencies/YamlDotNet/Unity.VisualScripting.YamlDotNet.dll
Symbol file LoadedFromMemory doesn't match image /Users/JoCornejoFlores/Documents/GitHub/Prototype-3/Lab 2/Library/PackageCache/com.unity.visualscripting@1.7.8/Editor/VisualScripting.Core/Dependencies/DotNetZip/Unity.VisualScripting.IonicZip.dll
Native extension for Android target not found
Native extension for OSXStandalone target not found
Native extension for WebGL target not found
Refreshing native plugins compatible for Editor in 0.39 ms, found 2 plugins.
Preloading 0 native plugins for Editor in 0.00 ms.
Mono: successfully reloaded assembly
- Completed reload, in  0.786 seconds
Domain Reload Profiling:
	ReloadAssembly (786ms)
		BeginReloadAssembly (178ms)
			ExecutionOrderSort (0ms)
			DisableScriptedObjects (3ms)
			BackupInstance (0ms)
			ReleaseScriptingObjects (0ms)
			CreateAndSetChildDomain (133ms)
		EndReloadAssembly (533ms)
			LoadAssemblies (51ms)
			RebuildTransferFunctionScriptingTraits (2ms)
			SetupTypeCache (192ms)
			ReleaseScriptCaches (2ms)
			RebuildScriptCaches (34ms)
			SetupLoadedEditorAssemblies (224ms)
				LogAssemblyErrors (0ms)
				InitializePlatformSupportModulesInManaged (7ms)
				SetLoadedEditorAssemblies (0ms)
				RefreshPlugins (0ms)
				BeforeProcessingInitializeOnLoad (58ms)
				ProcessInitializeOnLoadAttributes (138ms)
				ProcessInitializeOnLoadMethodAttributes (19ms)
				AfterProcessingInitializeOnLoad (1ms)
				EditorAssembliesLoaded (0ms)
			ExecutionOrderSort2 (0ms)
			AwakeInstancesAfterBackupRestoration (2ms)
Platform modules already initialized, skipping
========================================================================
Worker process is ready to serve import requests
Launching external process: /Applications/Unity/Hub/Editor/2021.3.9f1/Unity.app/Contents/Tools/UnityShaderCompiler
Launched and connected shader compiler UnityShaderCompiler after 0.05 seconds
Refreshing native plugins compatible for Editor in 0.37 ms, found 2 plugins.
Preloading 0 native plugins for Editor in 0.00 ms.
Unloading 3380 Unused Serialized files (Serialized files now loaded: 0)
Unloading 27 unused Assets / (94.4 KB). Loaded Objects now: 3839.
Memory consumption went from 230.8 MB to 230.7 MB.
Total: 2.394250 ms (FindLiveObjects: 0.110375 ms CreateObjectMapping: 0.042542 ms MarkObjects: 2.138083 ms  DeleteObjects: 0.102291 ms)

AssetImportParameters requested are different than current active one (requested -> active):
  custom:video-decoder-ogg-theora: a1e56fd34408186e4bbccfd4996cb3dc -> 
  custom:container-muxer-webm: aa71ff27fc2769a1b78a27578f13a17b -> 
  custom:container-demuxer-webm: 4f35f7cbe854078d1ac9338744f61a02 -> 
  custom:video-encoder-webm-vp8: eb34c28f22e8b96e1ab97ce403110664 -> 
  custom:framework-osx-AVFoundation: e770b220cccbd017edd2c1fefb359320 -> 
  custom:audio-encoder-webm-vorbis: bf7c407c2cedff20999df2af8eb42d56 -> 
  custom:container-demuxer-ogg: 62fdf1f143b41e24485cea50d1cbac27 -> 
  custom:video-decoder-webm-vp8: 9c59270c3fd7afecdb556c50c9e8de78 -> 
  custom:audio-decoder-ogg-vorbis: bf7c407c2cedff20999df2af8eb42d56 -> 
========================================================================
Received Import Request.
  Time since last request: 1262.099779 seconds.
  path: Assets/Scenes/SampleScene.unity
  artifactKey: Guid(9fc0d4010bbf28b4594072e72b8655ab) Importer(815301076,1909f56bfc062723c751e8b465ee728b)
Start importing Assets/Scenes/SampleScene.unity using Guid(9fc0d4010bbf28b4594072e72b8655ab) Importer(815301076,1909f56bfc062723c751e8b465ee728b)  -> (artifact id: 'e55ccaa32d8e5c1de03c07a5412c8c3c') in 0.006420 seconds 
========================================================================
Received Import Request.
  Time since last request: 8.710994 seconds.
  path: Assets/Scenes/My Game.unity
  artifactKey: Guid(9fc0d4010bbf28b4594072e72b8655ab) Importer(815301076,1909f56bfc062723c751e8b465ee728b)
Start importing Assets/Scenes/My Game.unity using Guid(9fc0d4010bbf28b4594072e72b8655ab) Importer(815301076,1909f56bfc062723c751e8b465ee728b)  -> (artifact id: 'fe46582053c233d1a3384877b292f393') in 0.000673 seconds 
========================================================================
Received Import Request.
  Time since last request: 373.844871 seconds.
  path: Assets/Material
  artifactKey: Guid(ba028ca24b53241a2b770862e1159d35) Importer(815301076,1909f56bfc062723c751e8b465ee728b)
Start importing Assets/Material using Guid(ba028ca24b53241a2b770862e1159d35) Importer(815301076,1909f56bfc062723c751e8b465ee728b)  -> (artifact id: 'a1c69e97b4b97ac3889d80607cf0f553') in 0.000669 seconds 
========================================================================
Received Import Request.
  Time since last request: 20.573216 seconds.
  path: Assets/Material/Color 1.mat
  artifactKey: Guid(e059cfed033604f7192feaafd96356db) Importer(815301076,1909f56bfc062723c751e8b465ee728b)
Start importing Assets/Material/Color 1.mat using Guid(e059cfed033604f7192feaafd96356db) Importer(815301076,1909f56bfc062723c751e8b465ee728b)  -> (artifact id: '854d1b5c4892876e86d6c495b0601440') in 0.630182 seconds 
========================================================================
Received Import Request.
  Time since last request: 434.661981 seconds.
  path: Assets/Material/Color 2.mat
  artifactKey: Guid(1b91269e825ed45b28d641fe351a24c3) Importer(815301076,1909f56bfc062723c751e8b465ee728b)
Start importing Assets/Material/Color 2.mat using Guid(1b91269e825ed45b28d641fe351a24c3) Importer(815301076,1909f56bfc062723c751e8b465ee728b)  -> (artifact id: 'e81f5a479b5b7e9480d608a5a8a8bf13') in 0.014966 seconds 
========================================================================
Received Import Request.
  Time since last request: 285.742502 seconds.
  path: Assets/Material/Color 3.mat
  artifactKey: Guid(2cf1f3887fdce47e193062009f6b8211) Importer(815301076,1909f56bfc062723c751e8b465ee728b)
Start importing Assets/Material/Color 3.mat using Guid(2cf1f3887fdce47e193062009f6b8211) Importer(815301076,1909f56bfc062723c751e8b465ee728b)  -> (artifact id: '47906261aa12bd36d8d2aa8f3f523026') in 0.006653 seconds 
========================================================================
Received Import Request.
  Time since last request: 23.337216 seconds.
  path: Assets/Material/Color 4.mat
  artifactKey: Guid(c88a29c005bf34040a1dc70de3680b91) Importer(815301076,1909f56bfc062723c751e8b465ee728b)
Start importing Assets/Material/Color 4.mat using Guid(c88a29c005bf34040a1dc70de3680b91) Importer(815301076,1909f56bfc062723c751e8b465ee728b)  -> (artifact id: 'aaf7c7c30b546ccc0933bb4e177f172c') in 0.006005 seconds 
========================================================================
Received Import Request.
  Time since last request: 27.187731 seconds.
  path: Assets/Material/Color 5.mat
  artifactKey: Guid(faf6dc2237ebd4b3d929406014db9f22) Importer(815301076,1909f56bfc062723c751e8b465ee728b)
Start importing Assets/Material/Color 5.mat using Guid(faf6dc2237ebd4b3d929406014db9f22) Importer(815301076,1909f56bfc062723c751e8b465ee728b)  -> (artifact id: 'f8c601f15033758bca302711ef2ada9a') in 0.006009 seconds 
========================================================================
Received Import Request.
  Time since last request: 35.958452 seconds.
  path: Assets/Material/Color 6.mat
  artifactKey: Guid(299d01cddedcb43ffb7dc47c344ae439) Importer(815301076,1909f56bfc062723c751e8b465ee728b)
Start importing Assets/Material/Color 6.mat using Guid(299d01cddedcb43ffb7dc47c344ae439) Importer(815301076,1909f56bfc062723c751e8b465ee728b)  -> (artifact id: '67c620fd5c2022d39050a1d2cb1b07f5') in 0.005960 seconds 
========================================================================
Received Import Request.
  Time since last request: 115.837497 seconds.
  path: Assets/Material/New Material.mat
  artifactKey: Guid(6d6d9df6175b24eef98b11854fbe0122) Importer(815301076,1909f56bfc062723c751e8b465ee728b)
Start importing Assets/Material/New Material.mat using Guid(6d6d9df6175b24eef98b11854fbe0122) Importer(815301076,1909f56bfc062723c751e8b465ee728b)  -> (artifact id: 'ea3dd135b9e91dfb26a649e35d5fb239') in 0.005887 seconds 
========================================================================
Received Import Request.
  Time since last request: 15.874786 seconds.
  path: Assets/Material/Color 7.mat
  artifactKey: Guid(6d6d9df6175b24eef98b11854fbe0122) Importer(815301076,1909f56bfc062723c751e8b465ee728b)
Start importing Assets/Material/Color 7.mat using Guid(6d6d9df6175b24eef98b11854fbe0122) Importer(815301076,1909f56bfc062723c751e8b465ee728b)  -> (artifact id: '8647e75609064e1eab45b837aa900a3a') in 0.005842 seconds 
========================================================================
Received Import Request.
  Time since last request: 56.415292 seconds.
  path: Assets/Material/Color 2.mat
  artifactKey: Guid(1b91269e825ed45b28d641fe351a24c3) Importer(815301076,1909f56bfc062723c751e8b465ee728b)
Start importing Assets/Material/Color 2.mat using Guid(1b91269e825ed45b28d641fe351a24c3) Importer(815301076,1909f56bfc062723c751e8b465ee728b)  -> (artifact id: '272f111c663776a8f1f1cb1f40a7e57b') in 0.008155 seconds 
========================================================================
Received Import Request.
  Time since last request: 0.000085 seconds.
  path: Assets/Material/Color 6.mat
  artifactKey: Guid(299d01cddedcb43ffb7dc47c344ae439) Importer(815301076,1909f56bfc062723c751e8b465ee728b)
Start importing Assets/Material/Color 6.mat using Guid(299d01cddedcb43ffb7dc47c344ae439) Importer(815301076,1909f56bfc062723c751e8b465ee728b)  -> (artifact id: 'd79329841ee6af49fbc13f9ecb0420d1') in 0.006642 seconds 
========================================================================
Received Import Request.
  Time since last request: 0.000063 seconds.
  path: Assets/Material/Color 5.mat
  artifactKey: Guid(faf6dc2237ebd4b3d929406014db9f22) Importer(815301076,1909f56bfc062723c751e8b465ee728b)
Start importing Assets/Material/Color 5.mat using Guid(faf6dc2237ebd4b3d929406014db9f22) Importer(815301076,1909f56bfc062723c751e8b465ee728b)  -> (artifact id: '781a87ed9b7a7f5614793497c85f7d09') in 0.007793 seconds 
========================================================================
Received Import Request.
  Time since last request: 0.000062 seconds.
  path: Assets/Material/Color 4.mat
  artifactKey: Guid(c88a29c005bf34040a1dc70de3680b91) Importer(815301076,1909f56bfc062723c751e8b465ee728b)
Start importing Assets/Material/Color 4.mat using Guid(c88a29c005bf34040a1dc70de3680b91) Importer(815301076,1909f56bfc062723c751e8b465ee728b)  -> (artifact id: '38065af163421f3d87a3345b22f04a0f') in 0.007645 seconds 
